<?xml version="1.0" encoding="UTF-8"?>
<!-- Generated by org.testng.reporters.JUnitXMLReporter -->
<testsuite hostname="PRATIK" failures="1" tests="2" name="Listners" time="0.093" errors="0" timestamp="22 Mar 2022 02:24:51 GMT">
  <testcase classname="seleniumDay18_TestNGListeners.ListenersTestNG" name="TestMethod1" time="0.033"/>
  <testcase classname="seleniumDay18_TestNGListeners.ListenersTestNG" name="TestMethod2" time="0.011">
    <failure type="java.lang.AssertionError" message="null">
      <![CDATA[java.lang.AssertionError: null
	at seleniumDay18_TestNGListeners.ListenersTestNG.TestMethod2(ListenersTestNG.java:19)
... Removed 26 stack frames]]>
    </failure>
  </testcase> <!-- TestMethod2 -->
</testsuite> <!-- Listners -->
