<?xml version="1.0" encoding="UTF-8"?>
<!-- Generated by org.testng.reporters.JUnitXMLReporter -->
<testsuite hostname="PRATIK" failures="2" tests="2" name="ListnersDemo" time="0.059" errors="0" timestamp="24 Mar 2022 01:49:38 GMT">
  <testcase classname="seleniumDay18_ListenerPractise.TestClass" name="Login" time="0.022">
    <failure type="java.lang.NullPointerException" message="Cannot invoke &amp;quot;org.openqa.selenium.WebDriver.get(String)&amp;quot; because &amp;quot;seleniumDay18_ListenerPractise.TestClass.driver&amp;quot; is null">
      <![CDATA[java.lang.NullPointerException: Cannot invoke "org.openqa.selenium.WebDriver.get(String)" because "seleniumDay18_ListenerPractise.TestClass.driver" is null
	at seleniumDay18_ListenerPractise.TestClass.Login(TestClass.java:17)
... Removed 24 stack frames]]>
    </failure>
  </testcase> <!-- Login -->
  <testcase classname="seleniumDay18_ListenerPractise.TestClass" name="Login" time="0.04">
    <failure type="java.lang.NullPointerException" message="Cannot invoke &amp;quot;org.openqa.selenium.TakesScreenshot.getScreenshotAs(org.openqa.selenium.OutputType)&amp;quot; because &amp;quot;ts&amp;quot; is null">
      <![CDATA[java.lang.NullPointerException: Cannot invoke "org.openqa.selenium.TakesScreenshot.getScreenshotAs(org.openqa.selenium.OutputType)" because "ts" is null
	at seleniumDay18_ListenerPractise.ListnerDemo.onTestFailure(ListnerDemo.java:45)
... Removed 21 stack frames]]>
    </failure>
  </testcase> <!-- Login -->
</testsuite> <!-- ListnersDemo -->
