<?xml version="1.0" encoding="UTF-8"?>
<testng-results total="1" passed="1" failed="0" skipped="0">
  <reporter-output>
  </reporter-output>
  <suite started-at="2022-04-08T15:46:56Z" name="Suite" finished-at="2022-04-08T15:47:02Z" duration-ms="5850">
    <groups>
    </groups>
    <test started-at="2022-04-08T15:46:56Z" name="Test" finished-at="2022-04-08T15:47:02Z" duration-ms="5850">
      <class name="seleniumDay27_PageObjectModel.A_MasterClass">
        <test-method is-config="true" signature="openBrowser(java.lang.String)[pri:0, instance:seleniumDay27_PageObjectModel.A_MasterClass@12a94400]" started-at="2022-04-08T21:16:26Z" name="openBrowser" finished-at="2022-04-08T21:16:56Z" duration-ms="30682" status="PASS">
          <params>
            <param index="0">
              <value>
                <![CDATA[chrome]]>
              </value>
            </param>
          </params>
          <reporter-output>
          </reporter-output>
        </test-method> <!-- openBrowser -->
        <test-method signature="masterRun()[pri:0, instance:seleniumDay27_PageObjectModel.A_MasterClass@12a94400]" started-at="2022-04-08T21:16:56Z" name="masterRun" finished-at="2022-04-08T21:17:02Z" duration-ms="5821" status="PASS">
          <reporter-output>
          </reporter-output>
        </test-method> <!-- masterRun -->
        <test-method is-config="true" signature="closeBrowser()[pri:0, instance:seleniumDay27_PageObjectModel.A_MasterClass@12a94400]" started-at="2022-04-08T21:17:03Z" name="closeBrowser" finished-at="2022-04-08T21:17:03Z" duration-ms="326" status="PASS">
          <reporter-output>
          </reporter-output>
        </test-method> <!-- closeBrowser -->
      </class> <!-- seleniumDay27_PageObjectModel.A_MasterClass -->
    </test> <!-- Test -->
  </suite> <!-- Suite -->
</testng-results>
